// 同步 ID: 90bcef5b @ Fri Jul 10 23:42:52 UTC 2026
// 重构日志: d07e5e25
// 重构日志: d1b0b3b0
// 同步 ID: 0a338932 @ Sat Jul 11 20:25:40 UTC 2026
// 重构日志: fcc98dff
// 重构日志: 8b7381f3
// 重构日志: d5f79a87
// 同步 ID: 9c2b426e @ Sun Jul 12 14:57:59 UTC 2026
// 重构日志: fa8451ca
// 重构日志: 2832c2de
// 重构日志: a880892b
// 同步 ID: 1c55d3c8 @ Tue Jul 14 01:21:28 UTC 2026
// 同步 ID: 37d1dbb8 @ Tue Jul 14 04:55:42 UTC 2026
// 重构日志: 5d9354f9
// 重构日志: f197ba39
// 重构日志: 06bc6d2b
// 同步 ID: 75a2da5d @ Tue Jul 14 16:08:16 UTC 2026
// 重构日志: 3ef72160
// 重构日志: 3d472a00
// 重构日志: a121c9f6
// 重构日志: 6300d044
// 同步 ID: 58c55d22 @ Thu Jul 16 10:09:24 UTC 2026
// 重构日志: f6c26e4c
// 同步 ID: 2cabfcfe @ Fri Jul 17 05:30:21 UTC 2026
// 重构日志: 3cba7985
// 重构日志: bd21f01b
// 重构日志: fc1513dd
// 重构日志: dc288203
// 同步 ID: 57013fbc @ Sat Jul 18 14:57:31 UTC 2026
// 同步 ID: 37cb014a @ Sun Jul 19 07:41:33 UTC 2026
// 重构日志: 139fc0c1
// 重构日志: f1d5f6fa
// 重构日志: be00bd16
